<?xml version="1.0" encoding="UTF-8"?>
<testsuite xmlns:xsi="http://www.w3.org/2001/XMLSchema-instance" xsi:noNamespaceSchemaLocation="https://maven.apache.org/surefire/maven-surefire-plugin/xsd/surefire-test-report-3.0.xsd" version="3.0" name="JUnitTest.CalculatorTest" time="0.584" tests="8" errors="0" skipped="1" failures="0">
  <properties>
[...]
</properties>
  <testcase name="testAddition" classname="JUnitTest.CalculatorTest" time="0.084">
    <system-out><![CDATA[Before all tests
Starting a test...
Test finished.
]]></system-out>
  </testcase>
  <testcase name="testDivisionByZero" classname="JUnitTest.CalculatorTest" time="0.011">
    <system-out><![CDATA[Starting a test...
Test finished.
]]></system-out>
  </testcase>
  <testcase name="testAdditionMultipleInputs(int, int, int)[1]" classname="JUnitTest.CalculatorTest" time="0.12">
    <system-out><![CDATA[Starting a test...
Test finished.
]]></system-out>
  </testcase>
  <testcase name="testAdditionMultipleInputs(int, int, int)[2]" classname="JUnitTest.CalculatorTest" time="0.004">
    <system-out><![CDATA[Starting a test...
Test finished.
]]></system-out>
  </testcase>
  <testcase name="testAdditionMultipleInputs(int, int, int)[3]" classname="JUnitTest.CalculatorTest" time="0.005">
    <system-out><![CDATA[Starting a test...
Test finished.
]]></system-out>
  </testcase>
  <testcase name="testDivision" classname="JUnitTest.CalculatorTest" time="0.024">
    <system-out><![CDATA[Starting a test...
Test finished.
]]></system-out>
  </testcase>
  <testcase name="testFutureFeature" classname="JUnitTest.CalculatorTest" time="0">
    <skipped message="Disabled until feature is implemented"/>
  </testcase>
  <testcase name="testSubtraction" classname="JUnitTest.CalculatorTest" time="0.004">
    <system-out><![CDATA[Starting a test...
Test finished.
]]></system-out>
  </testcase>
</testsuite>